INFO:root:map: community=ess, mdprefix=oai_datacite, file=/home/al/md-ingestion/oaitestdata/ess-oai_datacite/full_1/xml/01f38ae3-3714-5d42-9183-09153d837a53.xml
INFO:root:map output written to /home/al/md-ingestion/oaitestdata/ess-oai_datacite/full_1/json/01f38ae3-3714-5d42-9183-09153d837a53.json
INFO:root:map: community=ess, mdprefix=oai_datacite, file=/home/al/md-ingestion/oaitestdata/ess-oai_datacite/full_1/xml/1b821870-c95c-5f28-b797-86ec1ae1ba76.xml
INFO:root:map output written to /home/al/md-ingestion/oaitestdata/ess-oai_datacite/full_1/json/1b821870-c95c-5f28-b797-86ec1ae1ba76.json
INFO:root:map: community=ess, mdprefix=oai_datacite, file=/home/al/md-ingestion/oaitestdata/ess-oai_datacite/full_1/xml/0dd16d8d-1a55-52ae-b37c-b1cc7a6cfe4a.xml
INFO:root:map output written to /home/al/md-ingestion/oaitestdata/ess-oai_datacite/full_1/json/0dd16d8d-1a55-52ae-b37c-b1cc7a6cfe4a.json
INFO:root:map: community=ess, mdprefix=oai_datacite, file=/home/al/md-ingestion/oaitestdata/ess-oai_datacite/full_1/xml/0e535465-293b-5e43-8037-8e880454f7a0.xml
INFO:root:map output written to /home/al/md-ingestion/oaitestdata/ess-oai_datacite/full_1/json/0e535465-293b-5e43-8037-8e880454f7a0.json
INFO:root:map: community=ess, mdprefix=oai_datacite, file=/home/al/md-ingestion/oaitestdata/ess-oai_datacite/full_1/xml/0d9d82dd-889d-50ae-af3b-970fd3c718b3.xml
INFO:root:map output written to /home/al/md-ingestion/oaitestdata/ess-oai_datacite/full_1/json/0d9d82dd-889d-50ae-af3b-970fd3c718b3.json
INFO:root:map: community=ess, mdprefix=oai_datacite, file=/home/al/md-ingestion/oaitestdata/ess-oai_datacite/full_1/xml/1b54ad24-a193-5c69-a959-ee4b395adc03.xml
INFO:root:map output written to /home/al/md-ingestion/oaitestdata/ess-oai_datacite/full_1/json/1b54ad24-a193-5c69-a959-ee4b395adc03.json
INFO:root:map: community=ess, mdprefix=oai_datacite, file=/home/al/md-ingestion/oaitestdata/ess-oai_datacite/full_1/xml/1b67ed58-9fbf-5357-980e-71c93ad78823.xml
INFO:root:map output written to /home/al/md-ingestion/oaitestdata/ess-oai_datacite/full_1/json/1b67ed58-9fbf-5357-980e-71c93ad78823.json
INFO:root:map: community=ess, mdprefix=oai_datacite, file=/home/al/md-ingestion/oaitestdata/ess-oai_datacite/full_1/xml/1a738a8e-f202-555b-94cb-acb232862a61.xml
INFO:root:map output written to /home/al/md-ingestion/oaitestdata/ess-oai_datacite/full_1/json/1a738a8e-f202-555b-94cb-acb232862a61.json
INFO:root:map: community=ess, mdprefix=oai_datacite, file=/home/al/md-ingestion/oaitestdata/ess-oai_datacite/full_1/xml/1a7f9c7a-aebd-556d-94dd-3c511998f851.xml
INFO:root:map output written to /home/al/md-ingestion/oaitestdata/ess-oai_datacite/full_1/json/1a7f9c7a-aebd-556d-94dd-3c511998f851.json
INFO:root:map: community=ess, mdprefix=oai_datacite, file=/home/al/md-ingestion/oaitestdata/ess-oai_datacite/full_1/xml/1ab35a7e-f4d8-507f-b839-3aa1bc0e9bf2.xml
INFO:root:map output written to /home/al/md-ingestion/oaitestdata/ess-oai_datacite/full_1/json/1ab35a7e-f4d8-507f-b839-3aa1bc0e9bf2.json
INFO:root:map: community=ess, mdprefix=oai_datacite, file=/home/al/md-ingestion/oaitestdata/ess-oai_datacite/full_1/xml/1d5ac01b-ded2-56cf-8d8f-819ca5de95be.xml
INFO:root:map output written to /home/al/md-ingestion/oaitestdata/ess-oai_datacite/full_1/json/1d5ac01b-ded2-56cf-8d8f-819ca5de95be.json
INFO:root:map: community=ess, mdprefix=oai_datacite, file=/home/al/md-ingestion/oaitestdata/ess-oai_datacite/full_1/xml/0bf772ac-382d-559b-95b5-aa1c392b2942.xml
INFO:root:map output written to /home/al/md-ingestion/oaitestdata/ess-oai_datacite/full_1/json/0bf772ac-382d-559b-95b5-aa1c392b2942.json
INFO:root:map: community=ess, mdprefix=oai_datacite, file=/home/al/md-ingestion/oaitestdata/ess-oai_datacite/full_1/xml/0d15276e-fa0c-5d13-94eb-95855d56a12b.xml
INFO:root:map output written to /home/al/md-ingestion/oaitestdata/ess-oai_datacite/full_1/json/0d15276e-fa0c-5d13-94eb-95855d56a12b.json
INFO:root:map: community=ess, mdprefix=oai_datacite, file=/home/al/md-ingestion/oaitestdata/ess-oai_datacite/full_1/xml/0ef70cd4-14b6-5593-9cb1-b7607c38f77c.xml
INFO:root:map output written to /home/al/md-ingestion/oaitestdata/ess-oai_datacite/full_1/json/0ef70cd4-14b6-5593-9cb1-b7607c38f77c.json
INFO:root:map: community=ess, mdprefix=oai_datacite, file=/home/al/md-ingestion/oaitestdata/ess-oai_datacite/full_1/xml/0e305549-7b4f-540d-8c39-4d7b2332a614.xml
INFO:root:map output written to /home/al/md-ingestion/oaitestdata/ess-oai_datacite/full_1/json/0e305549-7b4f-540d-8c39-4d7b2332a614.json
INFO:root:map: community=ess, mdprefix=oai_datacite, file=/home/al/md-ingestion/oaitestdata/ess-oai_datacite/full_1/xml/02ac9a2f-5e16-5915-ab32-d8adb2a0b7be.xml
INFO:root:map output written to /home/al/md-ingestion/oaitestdata/ess-oai_datacite/full_1/json/02ac9a2f-5e16-5915-ab32-d8adb2a0b7be.json
INFO:root:map: community=ess, mdprefix=oai_datacite, file=/home/al/md-ingestion/oaitestdata/ess-oai_datacite/full_1/xml/0fda2e35-92cf-527b-8030-2ea58a8454be.xml
INFO:root:map output written to /home/al/md-ingestion/oaitestdata/ess-oai_datacite/full_1/json/0fda2e35-92cf-527b-8030-2ea58a8454be.json
INFO:root:map: community=ess, mdprefix=oai_datacite, file=/home/al/md-ingestion/oaitestdata/ess-oai_datacite/full_1/xml/0aa871e7-12c9-5283-8025-562414a73ecd.xml
INFO:root:map output written to /home/al/md-ingestion/oaitestdata/ess-oai_datacite/full_1/json/0aa871e7-12c9-5283-8025-562414a73ecd.json
INFO:root:map: community=ess, mdprefix=oai_datacite, file=/home/al/md-ingestion/oaitestdata/ess-oai_datacite/full_1/xml/0adbf2a8-c162-5d18-9e8a-a4cc725e4d47.xml
INFO:root:map output written to /home/al/md-ingestion/oaitestdata/ess-oai_datacite/full_1/json/0adbf2a8-c162-5d18-9e8a-a4cc725e4d47.json
INFO:root:map: community=ess, mdprefix=oai_datacite, file=/home/al/md-ingestion/oaitestdata/ess-oai_datacite/full_1/xml/0c7acc20-126c-5be5-8a15-c2fed81d96c9.xml
INFO:root:map output written to /home/al/md-ingestion/oaitestdata/ess-oai_datacite/full_1/json/0c7acc20-126c-5be5-8a15-c2fed81d96c9.json
INFO:root:map: community=ess, mdprefix=oai_datacite, file=/home/al/md-ingestion/oaitestdata/ess-oai_datacite/full_1/xml/1c507bfc-fe6f-51d6-8dcb-4274529dfa8b.xml
INFO:root:map output written to /home/al/md-ingestion/oaitestdata/ess-oai_datacite/full_1/json/1c507bfc-fe6f-51d6-8dcb-4274529dfa8b.json
INFO:root:map: community=ess, mdprefix=oai_datacite, file=/home/al/md-ingestion/oaitestdata/ess-oai_datacite/full_1/xml/01fd8e62-d73f-5dc3-bb11-acf9fb5dcf33.xml
INFO:root:map output written to /home/al/md-ingestion/oaitestdata/ess-oai_datacite/full_1/json/01fd8e62-d73f-5dc3-bb11-acf9fb5dcf33.json
INFO:root:map: community=ess, mdprefix=oai_datacite, file=/home/al/md-ingestion/oaitestdata/ess-oai_datacite/full_1/xml/1fd05938-ed2f-5fd1-9b97-eb0917026361.xml
INFO:root:map output written to /home/al/md-ingestion/oaitestdata/ess-oai_datacite/full_1/json/1fd05938-ed2f-5fd1-9b97-eb0917026361.json
INFO:root:map: community=ess, mdprefix=oai_datacite, file=/home/al/md-ingestion/oaitestdata/ess-oai_datacite/full_1/xml/1b63d5e7-a676-5c00-b718-07105b377732.xml
INFO:root:map output written to /home/al/md-ingestion/oaitestdata/ess-oai_datacite/full_1/json/1b63d5e7-a676-5c00-b718-07105b377732.json
INFO:root:map: community=ess, mdprefix=oai_datacite, file=/home/al/md-ingestion/oaitestdata/ess-oai_datacite/full_1/xml/1cd8405f-e797-5def-bcc4-cfedd1140827.xml
INFO:root:map output written to /home/al/md-ingestion/oaitestdata/ess-oai_datacite/full_1/json/1cd8405f-e797-5def-bcc4-cfedd1140827.json
INFO:root:map: community=ess, mdprefix=oai_datacite, file=/home/al/md-ingestion/oaitestdata/ess-oai_datacite/full_1/xml/00e953de-6c83-5d2d-b7d5-146dd6c0672a.xml
INFO:root:map output written to /home/al/md-ingestion/oaitestdata/ess-oai_datacite/full_1/json/00e953de-6c83-5d2d-b7d5-146dd6c0672a.json
INFO:root:map: community=ess, mdprefix=oai_datacite, file=/home/al/md-ingestion/oaitestdata/ess-oai_datacite/full_1/xml/0dcb4ea0-09ce-569c-b0f0-96be04a6dcd4.xml
INFO:root:map output written to /home/al/md-ingestion/oaitestdata/ess-oai_datacite/full_1/json/0dcb4ea0-09ce-569c-b0f0-96be04a6dcd4.json
INFO:root:map: community=ess, mdprefix=oai_datacite, file=/home/al/md-ingestion/oaitestdata/ess-oai_datacite/full_1/xml/01f38ae3-3714-5d42-9183-09153d837a53.xml
INFO:root:map output written to /home/al/md-ingestion/oaitestdata/ess-oai_datacite/full_1/json/01f38ae3-3714-5d42-9183-09153d837a53.json
INFO:root:map: community=ess, mdprefix=oai_datacite, file=/home/al/md-ingestion/oaitestdata/ess-oai_datacite/full_1/xml/1b821870-c95c-5f28-b797-86ec1ae1ba76.xml
INFO:root:map output written to /home/al/md-ingestion/oaitestdata/ess-oai_datacite/full_1/json/1b821870-c95c-5f28-b797-86ec1ae1ba76.json
INFO:root:map: community=ess, mdprefix=oai_datacite, file=/home/al/md-ingestion/oaitestdata/ess-oai_datacite/full_1/xml/0dd16d8d-1a55-52ae-b37c-b1cc7a6cfe4a.xml
INFO:root:map output written to /home/al/md-ingestion/oaitestdata/ess-oai_datacite/full_1/json/0dd16d8d-1a55-52ae-b37c-b1cc7a6cfe4a.json
INFO:root:map: community=ess, mdprefix=oai_datacite, file=/home/al/md-ingestion/oaitestdata/ess-oai_datacite/full_1/xml/0e535465-293b-5e43-8037-8e880454f7a0.xml
INFO:root:map output written to /home/al/md-ingestion/oaitestdata/ess-oai_datacite/full_1/json/0e535465-293b-5e43-8037-8e880454f7a0.json
INFO:root:map: community=ess, mdprefix=oai_datacite, file=/home/al/md-ingestion/oaitestdata/ess-oai_datacite/full_1/xml/0d9d82dd-889d-50ae-af3b-970fd3c718b3.xml
INFO:root:map output written to /home/al/md-ingestion/oaitestdata/ess-oai_datacite/full_1/json/0d9d82dd-889d-50ae-af3b-970fd3c718b3.json
INFO:root:map: community=ess, mdprefix=oai_datacite, file=/home/al/md-ingestion/oaitestdata/ess-oai_datacite/full_1/xml/1b54ad24-a193-5c69-a959-ee4b395adc03.xml
INFO:root:map output written to /home/al/md-ingestion/oaitestdata/ess-oai_datacite/full_1/json/1b54ad24-a193-5c69-a959-ee4b395adc03.json
INFO:root:map: community=ess, mdprefix=oai_datacite, file=/home/al/md-ingestion/oaitestdata/ess-oai_datacite/full_1/xml/1b67ed58-9fbf-5357-980e-71c93ad78823.xml
INFO:root:map output written to /home/al/md-ingestion/oaitestdata/ess-oai_datacite/full_1/json/1b67ed58-9fbf-5357-980e-71c93ad78823.json
INFO:root:map: community=ess, mdprefix=oai_datacite, file=/home/al/md-ingestion/oaitestdata/ess-oai_datacite/full_1/xml/1a738a8e-f202-555b-94cb-acb232862a61.xml
INFO:root:map output written to /home/al/md-ingestion/oaitestdata/ess-oai_datacite/full_1/json/1a738a8e-f202-555b-94cb-acb232862a61.json
INFO:root:map: community=ess, mdprefix=oai_datacite, file=/home/al/md-ingestion/oaitestdata/ess-oai_datacite/full_1/xml/1a7f9c7a-aebd-556d-94dd-3c511998f851.xml
INFO:root:map output written to /home/al/md-ingestion/oaitestdata/ess-oai_datacite/full_1/json/1a7f9c7a-aebd-556d-94dd-3c511998f851.json
INFO:root:map: community=ess, mdprefix=oai_datacite, file=/home/al/md-ingestion/oaitestdata/ess-oai_datacite/full_1/xml/1ab35a7e-f4d8-507f-b839-3aa1bc0e9bf2.xml
INFO:root:map output written to /home/al/md-ingestion/oaitestdata/ess-oai_datacite/full_1/json/1ab35a7e-f4d8-507f-b839-3aa1bc0e9bf2.json
INFO:root:map: community=ess, mdprefix=oai_datacite, file=/home/al/md-ingestion/oaitestdata/ess-oai_datacite/full_1/xml/1d5ac01b-ded2-56cf-8d8f-819ca5de95be.xml
INFO:root:map output written to /home/al/md-ingestion/oaitestdata/ess-oai_datacite/full_1/json/1d5ac01b-ded2-56cf-8d8f-819ca5de95be.json
INFO:root:map: community=ess, mdprefix=oai_datacite, file=/home/al/md-ingestion/oaitestdata/ess-oai_datacite/full_1/xml/0bf772ac-382d-559b-95b5-aa1c392b2942.xml
INFO:root:map output written to /home/al/md-ingestion/oaitestdata/ess-oai_datacite/full_1/json/0bf772ac-382d-559b-95b5-aa1c392b2942.json
INFO:root:map: community=ess, mdprefix=oai_datacite, file=/home/al/md-ingestion/oaitestdata/ess-oai_datacite/full_1/xml/0d15276e-fa0c-5d13-94eb-95855d56a12b.xml
INFO:root:map output written to /home/al/md-ingestion/oaitestdata/ess-oai_datacite/full_1/json/0d15276e-fa0c-5d13-94eb-95855d56a12b.json
INFO:root:map: community=ess, mdprefix=oai_datacite, file=/home/al/md-ingestion/oaitestdata/ess-oai_datacite/full_1/xml/0ef70cd4-14b6-5593-9cb1-b7607c38f77c.xml
INFO:root:map output written to /home/al/md-ingestion/oaitestdata/ess-oai_datacite/full_1/json/0ef70cd4-14b6-5593-9cb1-b7607c38f77c.json
INFO:root:map: community=ess, mdprefix=oai_datacite, file=/home/al/md-ingestion/oaitestdata/ess-oai_datacite/full_1/xml/0e305549-7b4f-540d-8c39-4d7b2332a614.xml
INFO:root:map output written to /home/al/md-ingestion/oaitestdata/ess-oai_datacite/full_1/json/0e305549-7b4f-540d-8c39-4d7b2332a614.json
INFO:root:map: community=ess, mdprefix=oai_datacite, file=/home/al/md-ingestion/oaitestdata/ess-oai_datacite/full_1/xml/02ac9a2f-5e16-5915-ab32-d8adb2a0b7be.xml
INFO:root:map output written to /home/al/md-ingestion/oaitestdata/ess-oai_datacite/full_1/json/02ac9a2f-5e16-5915-ab32-d8adb2a0b7be.json
INFO:root:map: community=ess, mdprefix=oai_datacite, file=/home/al/md-ingestion/oaitestdata/ess-oai_datacite/full_1/xml/0fda2e35-92cf-527b-8030-2ea58a8454be.xml
INFO:root:map output written to /home/al/md-ingestion/oaitestdata/ess-oai_datacite/full_1/json/0fda2e35-92cf-527b-8030-2ea58a8454be.json
INFO:root:map: community=ess, mdprefix=oai_datacite, file=/home/al/md-ingestion/oaitestdata/ess-oai_datacite/full_1/xml/0aa871e7-12c9-5283-8025-562414a73ecd.xml
INFO:root:map output written to /home/al/md-ingestion/oaitestdata/ess-oai_datacite/full_1/json/0aa871e7-12c9-5283-8025-562414a73ecd.json
INFO:root:map: community=ess, mdprefix=oai_datacite, file=/home/al/md-ingestion/oaitestdata/ess-oai_datacite/full_1/xml/0adbf2a8-c162-5d18-9e8a-a4cc725e4d47.xml
INFO:root:map output written to /home/al/md-ingestion/oaitestdata/ess-oai_datacite/full_1/json/0adbf2a8-c162-5d18-9e8a-a4cc725e4d47.json
INFO:root:map: community=ess, mdprefix=oai_datacite, file=/home/al/md-ingestion/oaitestdata/ess-oai_datacite/full_1/xml/0c7acc20-126c-5be5-8a15-c2fed81d96c9.xml
INFO:root:map output written to /home/al/md-ingestion/oaitestdata/ess-oai_datacite/full_1/json/0c7acc20-126c-5be5-8a15-c2fed81d96c9.json
INFO:root:map: community=ess, mdprefix=oai_datacite, file=/home/al/md-ingestion/oaitestdata/ess-oai_datacite/full_1/xml/1c507bfc-fe6f-51d6-8dcb-4274529dfa8b.xml
INFO:root:map output written to /home/al/md-ingestion/oaitestdata/ess-oai_datacite/full_1/json/1c507bfc-fe6f-51d6-8dcb-4274529dfa8b.json
INFO:root:map: community=ess, mdprefix=oai_datacite, file=/home/al/md-ingestion/oaitestdata/ess-oai_datacite/full_1/xml/01fd8e62-d73f-5dc3-bb11-acf9fb5dcf33.xml
INFO:root:map output written to /home/al/md-ingestion/oaitestdata/ess-oai_datacite/full_1/json/01fd8e62-d73f-5dc3-bb11-acf9fb5dcf33.json
INFO:root:map: community=ess, mdprefix=oai_datacite, file=/home/al/md-ingestion/oaitestdata/ess-oai_datacite/full_1/xml/1fd05938-ed2f-5fd1-9b97-eb0917026361.xml
INFO:root:map output written to /home/al/md-ingestion/oaitestdata/ess-oai_datacite/full_1/json/1fd05938-ed2f-5fd1-9b97-eb0917026361.json
INFO:root:map: community=ess, mdprefix=oai_datacite, file=/home/al/md-ingestion/oaitestdata/ess-oai_datacite/full_1/xml/1b63d5e7-a676-5c00-b718-07105b377732.xml
INFO:root:map output written to /home/al/md-ingestion/oaitestdata/ess-oai_datacite/full_1/json/1b63d5e7-a676-5c00-b718-07105b377732.json
INFO:root:map: community=ess, mdprefix=oai_datacite, file=/home/al/md-ingestion/oaitestdata/ess-oai_datacite/full_1/xml/1cd8405f-e797-5def-bcc4-cfedd1140827.xml
INFO:root:map output written to /home/al/md-ingestion/oaitestdata/ess-oai_datacite/full_1/json/1cd8405f-e797-5def-bcc4-cfedd1140827.json
INFO:root:map: community=ess, mdprefix=oai_datacite, file=/home/al/md-ingestion/oaitestdata/ess-oai_datacite/full_1/xml/00e953de-6c83-5d2d-b7d5-146dd6c0672a.xml
INFO:root:map output written to /home/al/md-ingestion/oaitestdata/ess-oai_datacite/full_1/json/00e953de-6c83-5d2d-b7d5-146dd6c0672a.json
INFO:root:map: community=ess, mdprefix=oai_datacite, file=/home/al/md-ingestion/oaitestdata/ess-oai_datacite/full_1/xml/0dcb4ea0-09ce-569c-b0f0-96be04a6dcd4.xml
INFO:root:map output written to /home/al/md-ingestion/oaitestdata/ess-oai_datacite/full_1/json/0dcb4ea0-09ce-569c-b0f0-96be04a6dcd4.json
INFO:root:map: community=ess, mdprefix=oai_datacite, file=/home/al/md-ingestion/oaitestdata/ess-oai_datacite/full_1/xml/01f38ae3-3714-5d42-9183-09153d837a53.xml
INFO:root:map output written to /home/al/md-ingestion/oaitestdata/ess-oai_datacite/full_1/json/01f38ae3-3714-5d42-9183-09153d837a53.json
INFO:root:map: community=ess, mdprefix=oai_datacite, file=/home/al/md-ingestion/oaitestdata/ess-oai_datacite/full_1/xml/1b821870-c95c-5f28-b797-86ec1ae1ba76.xml
INFO:root:map output written to /home/al/md-ingestion/oaitestdata/ess-oai_datacite/full_1/json/1b821870-c95c-5f28-b797-86ec1ae1ba76.json
INFO:root:map: community=ess, mdprefix=oai_datacite, file=/home/al/md-ingestion/oaitestdata/ess-oai_datacite/full_1/xml/0dd16d8d-1a55-52ae-b37c-b1cc7a6cfe4a.xml
INFO:root:map output written to /home/al/md-ingestion/oaitestdata/ess-oai_datacite/full_1/json/0dd16d8d-1a55-52ae-b37c-b1cc7a6cfe4a.json
INFO:root:map: community=ess, mdprefix=oai_datacite, file=/home/al/md-ingestion/oaitestdata/ess-oai_datacite/full_1/xml/0e535465-293b-5e43-8037-8e880454f7a0.xml
INFO:root:map output written to /home/al/md-ingestion/oaitestdata/ess-oai_datacite/full_1/json/0e535465-293b-5e43-8037-8e880454f7a0.json
INFO:root:map: community=ess, mdprefix=oai_datacite, file=/home/al/md-ingestion/oaitestdata/ess-oai_datacite/full_1/xml/0d9d82dd-889d-50ae-af3b-970fd3c718b3.xml
INFO:root:map output written to /home/al/md-ingestion/oaitestdata/ess-oai_datacite/full_1/json/0d9d82dd-889d-50ae-af3b-970fd3c718b3.json
INFO:root:map: community=ess, mdprefix=oai_datacite, file=/home/al/md-ingestion/oaitestdata/ess-oai_datacite/full_1/xml/1b54ad24-a193-5c69-a959-ee4b395adc03.xml
INFO:root:map output written to /home/al/md-ingestion/oaitestdata/ess-oai_datacite/full_1/json/1b54ad24-a193-5c69-a959-ee4b395adc03.json
INFO:root:map: community=ess, mdprefix=oai_datacite, file=/home/al/md-ingestion/oaitestdata/ess-oai_datacite/full_1/xml/1b67ed58-9fbf-5357-980e-71c93ad78823.xml
INFO:root:map output written to /home/al/md-ingestion/oaitestdata/ess-oai_datacite/full_1/json/1b67ed58-9fbf-5357-980e-71c93ad78823.json
INFO:root:map: community=ess, mdprefix=oai_datacite, file=/home/al/md-ingestion/oaitestdata/ess-oai_datacite/full_1/xml/1a738a8e-f202-555b-94cb-acb232862a61.xml
INFO:root:map output written to /home/al/md-ingestion/oaitestdata/ess-oai_datacite/full_1/json/1a738a8e-f202-555b-94cb-acb232862a61.json
INFO:root:map: community=ess, mdprefix=oai_datacite, file=/home/al/md-ingestion/oaitestdata/ess-oai_datacite/full_1/xml/1a7f9c7a-aebd-556d-94dd-3c511998f851.xml
INFO:root:map output written to /home/al/md-ingestion/oaitestdata/ess-oai_datacite/full_1/json/1a7f9c7a-aebd-556d-94dd-3c511998f851.json
INFO:root:map: community=ess, mdprefix=oai_datacite, file=/home/al/md-ingestion/oaitestdata/ess-oai_datacite/full_1/xml/1ab35a7e-f4d8-507f-b839-3aa1bc0e9bf2.xml
INFO:root:map output written to /home/al/md-ingestion/oaitestdata/ess-oai_datacite/full_1/json/1ab35a7e-f4d8-507f-b839-3aa1bc0e9bf2.json
INFO:root:map: community=ess, mdprefix=oai_datacite, file=/home/al/md-ingestion/oaitestdata/ess-oai_datacite/full_1/xml/1d5ac01b-ded2-56cf-8d8f-819ca5de95be.xml
INFO:root:map output written to /home/al/md-ingestion/oaitestdata/ess-oai_datacite/full_1/json/1d5ac01b-ded2-56cf-8d8f-819ca5de95be.json
INFO:root:map: community=ess, mdprefix=oai_datacite, file=/home/al/md-ingestion/oaitestdata/ess-oai_datacite/full_1/xml/0bf772ac-382d-559b-95b5-aa1c392b2942.xml
INFO:root:map output written to /home/al/md-ingestion/oaitestdata/ess-oai_datacite/full_1/json/0bf772ac-382d-559b-95b5-aa1c392b2942.json
INFO:root:map: community=ess, mdprefix=oai_datacite, file=/home/al/md-ingestion/oaitestdata/ess-oai_datacite/full_1/xml/0d15276e-fa0c-5d13-94eb-95855d56a12b.xml
INFO:root:map output written to /home/al/md-ingestion/oaitestdata/ess-oai_datacite/full_1/json/0d15276e-fa0c-5d13-94eb-95855d56a12b.json
INFO:root:map: community=ess, mdprefix=oai_datacite, file=/home/al/md-ingestion/oaitestdata/ess-oai_datacite/full_1/xml/0ef70cd4-14b6-5593-9cb1-b7607c38f77c.xml
INFO:root:map output written to /home/al/md-ingestion/oaitestdata/ess-oai_datacite/full_1/json/0ef70cd4-14b6-5593-9cb1-b7607c38f77c.json
INFO:root:map: community=ess, mdprefix=oai_datacite, file=/home/al/md-ingestion/oaitestdata/ess-oai_datacite/full_1/xml/0e305549-7b4f-540d-8c39-4d7b2332a614.xml
INFO:root:map output written to /home/al/md-ingestion/oaitestdata/ess-oai_datacite/full_1/json/0e305549-7b4f-540d-8c39-4d7b2332a614.json
INFO:root:map: community=ess, mdprefix=oai_datacite, file=/home/al/md-ingestion/oaitestdata/ess-oai_datacite/full_1/xml/02ac9a2f-5e16-5915-ab32-d8adb2a0b7be.xml
INFO:root:map output written to /home/al/md-ingestion/oaitestdata/ess-oai_datacite/full_1/json/02ac9a2f-5e16-5915-ab32-d8adb2a0b7be.json
INFO:root:map: community=ess, mdprefix=oai_datacite, file=/home/al/md-ingestion/oaitestdata/ess-oai_datacite/full_1/xml/0fda2e35-92cf-527b-8030-2ea58a8454be.xml
INFO:root:map output written to /home/al/md-ingestion/oaitestdata/ess-oai_datacite/full_1/json/0fda2e35-92cf-527b-8030-2ea58a8454be.json
INFO:root:map: community=ess, mdprefix=oai_datacite, file=/home/al/md-ingestion/oaitestdata/ess-oai_datacite/full_1/xml/0aa871e7-12c9-5283-8025-562414a73ecd.xml
INFO:root:map output written to /home/al/md-ingestion/oaitestdata/ess-oai_datacite/full_1/json/0aa871e7-12c9-5283-8025-562414a73ecd.json
INFO:root:map: community=ess, mdprefix=oai_datacite, file=/home/al/md-ingestion/oaitestdata/ess-oai_datacite/full_1/xml/0adbf2a8-c162-5d18-9e8a-a4cc725e4d47.xml
INFO:root:map output written to /home/al/md-ingestion/oaitestdata/ess-oai_datacite/full_1/json/0adbf2a8-c162-5d18-9e8a-a4cc725e4d47.json
INFO:root:map: community=ess, mdprefix=oai_datacite, file=/home/al/md-ingestion/oaitestdata/ess-oai_datacite/full_1/xml/0c7acc20-126c-5be5-8a15-c2fed81d96c9.xml
INFO:root:map output written to /home/al/md-ingestion/oaitestdata/ess-oai_datacite/full_1/json/0c7acc20-126c-5be5-8a15-c2fed81d96c9.json
INFO:root:map: community=ess, mdprefix=oai_datacite, file=/home/al/md-ingestion/oaitestdata/ess-oai_datacite/full_1/xml/1c507bfc-fe6f-51d6-8dcb-4274529dfa8b.xml
INFO:root:map output written to /home/al/md-ingestion/oaitestdata/ess-oai_datacite/full_1/json/1c507bfc-fe6f-51d6-8dcb-4274529dfa8b.json
INFO:root:map: community=ess, mdprefix=oai_datacite, file=/home/al/md-ingestion/oaitestdata/ess-oai_datacite/full_1/xml/01fd8e62-d73f-5dc3-bb11-acf9fb5dcf33.xml
INFO:root:map output written to /home/al/md-ingestion/oaitestdata/ess-oai_datacite/full_1/json/01fd8e62-d73f-5dc3-bb11-acf9fb5dcf33.json
INFO:root:map: community=ess, mdprefix=oai_datacite, file=/home/al/md-ingestion/oaitestdata/ess-oai_datacite/full_1/xml/1fd05938-ed2f-5fd1-9b97-eb0917026361.xml
INFO:root:map output written to /home/al/md-ingestion/oaitestdata/ess-oai_datacite/full_1/json/1fd05938-ed2f-5fd1-9b97-eb0917026361.json
INFO:root:map: community=ess, mdprefix=oai_datacite, file=/home/al/md-ingestion/oaitestdata/ess-oai_datacite/full_1/xml/1b63d5e7-a676-5c00-b718-07105b377732.xml
INFO:root:map output written to /home/al/md-ingestion/oaitestdata/ess-oai_datacite/full_1/json/1b63d5e7-a676-5c00-b718-07105b377732.json
INFO:root:map: community=ess, mdprefix=oai_datacite, file=/home/al/md-ingestion/oaitestdata/ess-oai_datacite/full_1/xml/1cd8405f-e797-5def-bcc4-cfedd1140827.xml
INFO:root:map output written to /home/al/md-ingestion/oaitestdata/ess-oai_datacite/full_1/json/1cd8405f-e797-5def-bcc4-cfedd1140827.json
INFO:root:map: community=ess, mdprefix=oai_datacite, file=/home/al/md-ingestion/oaitestdata/ess-oai_datacite/full_1/xml/00e953de-6c83-5d2d-b7d5-146dd6c0672a.xml
INFO:root:map output written to /home/al/md-ingestion/oaitestdata/ess-oai_datacite/full_1/json/00e953de-6c83-5d2d-b7d5-146dd6c0672a.json
INFO:root:map: community=ess, mdprefix=oai_datacite, file=/home/al/md-ingestion/oaitestdata/ess-oai_datacite/full_1/xml/0dcb4ea0-09ce-569c-b0f0-96be04a6dcd4.xml
INFO:root:map output written to /home/al/md-ingestion/oaitestdata/ess-oai_datacite/full_1/json/0dcb4ea0-09ce-569c-b0f0-96be04a6dcd4.json
INFO:root:map: community=ess, mdprefix=oai_datacite, file=/home/al/md-ingestion/oaitestdata/ess-oai_datacite/full_1/xml/01f38ae3-3714-5d42-9183-09153d837a53.xml
INFO:root:map output written to /home/al/md-ingestion/oaitestdata/ess-oai_datacite/full_1/json/01f38ae3-3714-5d42-9183-09153d837a53.json
INFO:root:map: community=ess, mdprefix=oai_datacite, file=/home/al/md-ingestion/oaitestdata/ess-oai_datacite/full_1/xml/1b821870-c95c-5f28-b797-86ec1ae1ba76.xml
INFO:root:map output written to /home/al/md-ingestion/oaitestdata/ess-oai_datacite/full_1/json/1b821870-c95c-5f28-b797-86ec1ae1ba76.json
INFO:root:map: community=ess, mdprefix=oai_datacite, file=/home/al/md-ingestion/oaitestdata/ess-oai_datacite/full_1/xml/0dd16d8d-1a55-52ae-b37c-b1cc7a6cfe4a.xml
INFO:root:map output written to /home/al/md-ingestion/oaitestdata/ess-oai_datacite/full_1/json/0dd16d8d-1a55-52ae-b37c-b1cc7a6cfe4a.json
INFO:root:map: community=ess, mdprefix=oai_datacite, file=/home/al/md-ingestion/oaitestdata/ess-oai_datacite/full_1/xml/0e535465-293b-5e43-8037-8e880454f7a0.xml
INFO:root:map output written to /home/al/md-ingestion/oaitestdata/ess-oai_datacite/full_1/json/0e535465-293b-5e43-8037-8e880454f7a0.json
INFO:root:map: community=ess, mdprefix=oai_datacite, file=/home/al/md-ingestion/oaitestdata/ess-oai_datacite/full_1/xml/0d9d82dd-889d-50ae-af3b-970fd3c718b3.xml
INFO:root:map output written to /home/al/md-ingestion/oaitestdata/ess-oai_datacite/full_1/json/0d9d82dd-889d-50ae-af3b-970fd3c718b3.json
INFO:root:map: community=ess, mdprefix=oai_datacite, file=/home/al/md-ingestion/oaitestdata/ess-oai_datacite/full_1/xml/1b54ad24-a193-5c69-a959-ee4b395adc03.xml
INFO:root:map output written to /home/al/md-ingestion/oaitestdata/ess-oai_datacite/full_1/json/1b54ad24-a193-5c69-a959-ee4b395adc03.json
INFO:root:map: community=ess, mdprefix=oai_datacite, file=/home/al/md-ingestion/oaitestdata/ess-oai_datacite/full_1/xml/1b67ed58-9fbf-5357-980e-71c93ad78823.xml
INFO:root:map output written to /home/al/md-ingestion/oaitestdata/ess-oai_datacite/full_1/json/1b67ed58-9fbf-5357-980e-71c93ad78823.json
INFO:root:map: community=ess, mdprefix=oai_datacite, file=/home/al/md-ingestion/oaitestdata/ess-oai_datacite/full_1/xml/1a738a8e-f202-555b-94cb-acb232862a61.xml
INFO:root:map output written to /home/al/md-ingestion/oaitestdata/ess-oai_datacite/full_1/json/1a738a8e-f202-555b-94cb-acb232862a61.json
INFO:root:map: community=ess, mdprefix=oai_datacite, file=/home/al/md-ingestion/oaitestdata/ess-oai_datacite/full_1/xml/1a7f9c7a-aebd-556d-94dd-3c511998f851.xml
INFO:root:map output written to /home/al/md-ingestion/oaitestdata/ess-oai_datacite/full_1/json/1a7f9c7a-aebd-556d-94dd-3c511998f851.json
INFO:root:map: community=ess, mdprefix=oai_datacite, file=/home/al/md-ingestion/oaitestdata/ess-oai_datacite/full_1/xml/1ab35a7e-f4d8-507f-b839-3aa1bc0e9bf2.xml
INFO:root:map output written to /home/al/md-ingestion/oaitestdata/ess-oai_datacite/full_1/json/1ab35a7e-f4d8-507f-b839-3aa1bc0e9bf2.json
INFO:root:map: community=ess, mdprefix=oai_datacite, file=/home/al/md-ingestion/oaitestdata/ess-oai_datacite/full_1/xml/1d5ac01b-ded2-56cf-8d8f-819ca5de95be.xml
INFO:root:map output written to /home/al/md-ingestion/oaitestdata/ess-oai_datacite/full_1/json/1d5ac01b-ded2-56cf-8d8f-819ca5de95be.json
INFO:root:map: community=ess, mdprefix=oai_datacite, file=/home/al/md-ingestion/oaitestdata/ess-oai_datacite/full_1/xml/0bf772ac-382d-559b-95b5-aa1c392b2942.xml
INFO:root:map output written to /home/al/md-ingestion/oaitestdata/ess-oai_datacite/full_1/json/0bf772ac-382d-559b-95b5-aa1c392b2942.json
INFO:root:map: community=ess, mdprefix=oai_datacite, file=/home/al/md-ingestion/oaitestdata/ess-oai_datacite/full_1/xml/0d15276e-fa0c-5d13-94eb-95855d56a12b.xml
INFO:root:map output written to /home/al/md-ingestion/oaitestdata/ess-oai_datacite/full_1/json/0d15276e-fa0c-5d13-94eb-95855d56a12b.json
INFO:root:map: community=ess, mdprefix=oai_datacite, file=/home/al/md-ingestion/oaitestdata/ess-oai_datacite/full_1/xml/0ef70cd4-14b6-5593-9cb1-b7607c38f77c.xml
INFO:root:map output written to /home/al/md-ingestion/oaitestdata/ess-oai_datacite/full_1/json/0ef70cd4-14b6-5593-9cb1-b7607c38f77c.json
INFO:root:map: community=ess, mdprefix=oai_datacite, file=/home/al/md-ingestion/oaitestdata/ess-oai_datacite/full_1/xml/0e305549-7b4f-540d-8c39-4d7b2332a614.xml
INFO:root:map output written to /home/al/md-ingestion/oaitestdata/ess-oai_datacite/full_1/json/0e305549-7b4f-540d-8c39-4d7b2332a614.json
INFO:root:map: community=ess, mdprefix=oai_datacite, file=/home/al/md-ingestion/oaitestdata/ess-oai_datacite/full_1/xml/02ac9a2f-5e16-5915-ab32-d8adb2a0b7be.xml
INFO:root:map output written to /home/al/md-ingestion/oaitestdata/ess-oai_datacite/full_1/json/02ac9a2f-5e16-5915-ab32-d8adb2a0b7be.json
INFO:root:map: community=ess, mdprefix=oai_datacite, file=/home/al/md-ingestion/oaitestdata/ess-oai_datacite/full_1/xml/0fda2e35-92cf-527b-8030-2ea58a8454be.xml
INFO:root:map output written to /home/al/md-ingestion/oaitestdata/ess-oai_datacite/full_1/json/0fda2e35-92cf-527b-8030-2ea58a8454be.json
INFO:root:map: community=ess, mdprefix=oai_datacite, file=/home/al/md-ingestion/oaitestdata/ess-oai_datacite/full_1/xml/0aa871e7-12c9-5283-8025-562414a73ecd.xml
INFO:root:map output written to /home/al/md-ingestion/oaitestdata/ess-oai_datacite/full_1/json/0aa871e7-12c9-5283-8025-562414a73ecd.json
INFO:root:map: community=ess, mdprefix=oai_datacite, file=/home/al/md-ingestion/oaitestdata/ess-oai_datacite/full_1/xml/0adbf2a8-c162-5d18-9e8a-a4cc725e4d47.xml
INFO:root:map output written to /home/al/md-ingestion/oaitestdata/ess-oai_datacite/full_1/json/0adbf2a8-c162-5d18-9e8a-a4cc725e4d47.json
INFO:root:map: community=ess, mdprefix=oai_datacite, file=/home/al/md-ingestion/oaitestdata/ess-oai_datacite/full_1/xml/0c7acc20-126c-5be5-8a15-c2fed81d96c9.xml
INFO:root:map output written to /home/al/md-ingestion/oaitestdata/ess-oai_datacite/full_1/json/0c7acc20-126c-5be5-8a15-c2fed81d96c9.json
INFO:root:map: community=ess, mdprefix=oai_datacite, file=/home/al/md-ingestion/oaitestdata/ess-oai_datacite/full_1/xml/1c507bfc-fe6f-51d6-8dcb-4274529dfa8b.xml
INFO:root:map output written to /home/al/md-ingestion/oaitestdata/ess-oai_datacite/full_1/json/1c507bfc-fe6f-51d6-8dcb-4274529dfa8b.json
INFO:root:map: community=ess, mdprefix=oai_datacite, file=/home/al/md-ingestion/oaitestdata/ess-oai_datacite/full_1/xml/01fd8e62-d73f-5dc3-bb11-acf9fb5dcf33.xml
INFO:root:map output written to /home/al/md-ingestion/oaitestdata/ess-oai_datacite/full_1/json/01fd8e62-d73f-5dc3-bb11-acf9fb5dcf33.json
INFO:root:map: community=ess, mdprefix=oai_datacite, file=/home/al/md-ingestion/oaitestdata/ess-oai_datacite/full_1/xml/1fd05938-ed2f-5fd1-9b97-eb0917026361.xml
INFO:root:map output written to /home/al/md-ingestion/oaitestdata/ess-oai_datacite/full_1/json/1fd05938-ed2f-5fd1-9b97-eb0917026361.json
INFO:root:map: community=ess, mdprefix=oai_datacite, file=/home/al/md-ingestion/oaitestdata/ess-oai_datacite/full_1/xml/1b63d5e7-a676-5c00-b718-07105b377732.xml
INFO:root:map output written to /home/al/md-ingestion/oaitestdata/ess-oai_datacite/full_1/json/1b63d5e7-a676-5c00-b718-07105b377732.json
INFO:root:map: community=ess, mdprefix=oai_datacite, file=/home/al/md-ingestion/oaitestdata/ess-oai_datacite/full_1/xml/1cd8405f-e797-5def-bcc4-cfedd1140827.xml
INFO:root:map output written to /home/al/md-ingestion/oaitestdata/ess-oai_datacite/full_1/json/1cd8405f-e797-5def-bcc4-cfedd1140827.json
INFO:root:map: community=ess, mdprefix=oai_datacite, file=/home/al/md-ingestion/oaitestdata/ess-oai_datacite/full_1/xml/00e953de-6c83-5d2d-b7d5-146dd6c0672a.xml
INFO:root:map output written to /home/al/md-ingestion/oaitestdata/ess-oai_datacite/full_1/json/00e953de-6c83-5d2d-b7d5-146dd6c0672a.json
INFO:root:map: community=ess, mdprefix=oai_datacite, file=/home/al/md-ingestion/oaitestdata/ess-oai_datacite/full_1/xml/0dcb4ea0-09ce-569c-b0f0-96be04a6dcd4.xml
INFO:root:map output written to /home/al/md-ingestion/oaitestdata/ess-oai_datacite/full_1/json/0dcb4ea0-09ce-569c-b0f0-96be04a6dcd4.json
INFO:root:map: community=ess, mdprefix=oai_datacite, file=/home/al/md-ingestion/oaitestdata/ess-oai_datacite/full_1/xml/01f38ae3-3714-5d42-9183-09153d837a53.xml
INFO:root:map output written to /home/al/md-ingestion/oaitestdata/ess-oai_datacite/full_1/json/01f38ae3-3714-5d42-9183-09153d837a53.json
INFO:root:map: community=ess, mdprefix=oai_datacite, file=/home/al/md-ingestion/oaitestdata/ess-oai_datacite/full_1/xml/1b821870-c95c-5f28-b797-86ec1ae1ba76.xml
INFO:root:map output written to /home/al/md-ingestion/oaitestdata/ess-oai_datacite/full_1/json/1b821870-c95c-5f28-b797-86ec1ae1ba76.json
INFO:root:map: community=ess, mdprefix=oai_datacite, file=/home/al/md-ingestion/oaitestdata/ess-oai_datacite/full_1/xml/0dd16d8d-1a55-52ae-b37c-b1cc7a6cfe4a.xml
INFO:root:map output written to /home/al/md-ingestion/oaitestdata/ess-oai_datacite/full_1/json/0dd16d8d-1a55-52ae-b37c-b1cc7a6cfe4a.json
INFO:root:map: community=ess, mdprefix=oai_datacite, file=/home/al/md-ingestion/oaitestdata/ess-oai_datacite/full_1/xml/0e535465-293b-5e43-8037-8e880454f7a0.xml
INFO:root:map output written to /home/al/md-ingestion/oaitestdata/ess-oai_datacite/full_1/json/0e535465-293b-5e43-8037-8e880454f7a0.json
INFO:root:map: community=ess, mdprefix=oai_datacite, file=/home/al/md-ingestion/oaitestdata/ess-oai_datacite/full_1/xml/0d9d82dd-889d-50ae-af3b-970fd3c718b3.xml
INFO:root:map output written to /home/al/md-ingestion/oaitestdata/ess-oai_datacite/full_1/json/0d9d82dd-889d-50ae-af3b-970fd3c718b3.json
INFO:root:map: community=ess, mdprefix=oai_datacite, file=/home/al/md-ingestion/oaitestdata/ess-oai_datacite/full_1/xml/1b54ad24-a193-5c69-a959-ee4b395adc03.xml
INFO:root:map output written to /home/al/md-ingestion/oaitestdata/ess-oai_datacite/full_1/json/1b54ad24-a193-5c69-a959-ee4b395adc03.json
INFO:root:map: community=ess, mdprefix=oai_datacite, file=/home/al/md-ingestion/oaitestdata/ess-oai_datacite/full_1/xml/1b67ed58-9fbf-5357-980e-71c93ad78823.xml
INFO:root:map output written to /home/al/md-ingestion/oaitestdata/ess-oai_datacite/full_1/json/1b67ed58-9fbf-5357-980e-71c93ad78823.json
INFO:root:map: community=ess, mdprefix=oai_datacite, file=/home/al/md-ingestion/oaitestdata/ess-oai_datacite/full_1/xml/1a738a8e-f202-555b-94cb-acb232862a61.xml
INFO:root:map output written to /home/al/md-ingestion/oaitestdata/ess-oai_datacite/full_1/json/1a738a8e-f202-555b-94cb-acb232862a61.json
INFO:root:map: community=ess, mdprefix=oai_datacite, file=/home/al/md-ingestion/oaitestdata/ess-oai_datacite/full_1/xml/1a7f9c7a-aebd-556d-94dd-3c511998f851.xml
INFO:root:map output written to /home/al/md-ingestion/oaitestdata/ess-oai_datacite/full_1/json/1a7f9c7a-aebd-556d-94dd-3c511998f851.json
INFO:root:map: community=ess, mdprefix=oai_datacite, file=/home/al/md-ingestion/oaitestdata/ess-oai_datacite/full_1/xml/1ab35a7e-f4d8-507f-b839-3aa1bc0e9bf2.xml
INFO:root:map output written to /home/al/md-ingestion/oaitestdata/ess-oai_datacite/full_1/json/1ab35a7e-f4d8-507f-b839-3aa1bc0e9bf2.json
INFO:root:map: community=ess, mdprefix=oai_datacite, file=/home/al/md-ingestion/oaitestdata/ess-oai_datacite/full_1/xml/1d5ac01b-ded2-56cf-8d8f-819ca5de95be.xml
INFO:root:map output written to /home/al/md-ingestion/oaitestdata/ess-oai_datacite/full_1/json/1d5ac01b-ded2-56cf-8d8f-819ca5de95be.json
INFO:root:map: community=ess, mdprefix=oai_datacite, file=/home/al/md-ingestion/oaitestdata/ess-oai_datacite/full_1/xml/0bf772ac-382d-559b-95b5-aa1c392b2942.xml
INFO:root:map output written to /home/al/md-ingestion/oaitestdata/ess-oai_datacite/full_1/json/0bf772ac-382d-559b-95b5-aa1c392b2942.json
INFO:root:map: community=ess, mdprefix=oai_datacite, file=/home/al/md-ingestion/oaitestdata/ess-oai_datacite/full_1/xml/0d15276e-fa0c-5d13-94eb-95855d56a12b.xml
INFO:root:map output written to /home/al/md-ingestion/oaitestdata/ess-oai_datacite/full_1/json/0d15276e-fa0c-5d13-94eb-95855d56a12b.json
INFO:root:map: community=ess, mdprefix=oai_datacite, file=/home/al/md-ingestion/oaitestdata/ess-oai_datacite/full_1/xml/0ef70cd4-14b6-5593-9cb1-b7607c38f77c.xml
INFO:root:map output written to /home/al/md-ingestion/oaitestdata/ess-oai_datacite/full_1/json/0ef70cd4-14b6-5593-9cb1-b7607c38f77c.json
INFO:root:map: community=ess, mdprefix=oai_datacite, file=/home/al/md-ingestion/oaitestdata/ess-oai_datacite/full_1/xml/0e305549-7b4f-540d-8c39-4d7b2332a614.xml
INFO:root:map output written to /home/al/md-ingestion/oaitestdata/ess-oai_datacite/full_1/json/0e305549-7b4f-540d-8c39-4d7b2332a614.json
INFO:root:map: community=ess, mdprefix=oai_datacite, file=/home/al/md-ingestion/oaitestdata/ess-oai_datacite/full_1/xml/02ac9a2f-5e16-5915-ab32-d8adb2a0b7be.xml
INFO:root:map output written to /home/al/md-ingestion/oaitestdata/ess-oai_datacite/full_1/json/02ac9a2f-5e16-5915-ab32-d8adb2a0b7be.json
INFO:root:map: community=ess, mdprefix=oai_datacite, file=/home/al/md-ingestion/oaitestdata/ess-oai_datacite/full_1/xml/0fda2e35-92cf-527b-8030-2ea58a8454be.xml
INFO:root:map output written to /home/al/md-ingestion/oaitestdata/ess-oai_datacite/full_1/json/0fda2e35-92cf-527b-8030-2ea58a8454be.json
INFO:root:map: community=ess, mdprefix=oai_datacite, file=/home/al/md-ingestion/oaitestdata/ess-oai_datacite/full_1/xml/0aa871e7-12c9-5283-8025-562414a73ecd.xml
INFO:root:map output written to /home/al/md-ingestion/oaitestdata/ess-oai_datacite/full_1/json/0aa871e7-12c9-5283-8025-562414a73ecd.json
INFO:root:map: community=ess, mdprefix=oai_datacite, file=/home/al/md-ingestion/oaitestdata/ess-oai_datacite/full_1/xml/0adbf2a8-c162-5d18-9e8a-a4cc725e4d47.xml
INFO:root:map output written to /home/al/md-ingestion/oaitestdata/ess-oai_datacite/full_1/json/0adbf2a8-c162-5d18-9e8a-a4cc725e4d47.json
INFO:root:map: community=ess, mdprefix=oai_datacite, file=/home/al/md-ingestion/oaitestdata/ess-oai_datacite/full_1/xml/0c7acc20-126c-5be5-8a15-c2fed81d96c9.xml
INFO:root:map output written to /home/al/md-ingestion/oaitestdata/ess-oai_datacite/full_1/json/0c7acc20-126c-5be5-8a15-c2fed81d96c9.json
INFO:root:map: community=ess, mdprefix=oai_datacite, file=/home/al/md-ingestion/oaitestdata/ess-oai_datacite/full_1/xml/1c507bfc-fe6f-51d6-8dcb-4274529dfa8b.xml
INFO:root:map output written to /home/al/md-ingestion/oaitestdata/ess-oai_datacite/full_1/json/1c507bfc-fe6f-51d6-8dcb-4274529dfa8b.json
INFO:root:map: community=ess, mdprefix=oai_datacite, file=/home/al/md-ingestion/oaitestdata/ess-oai_datacite/full_1/xml/01fd8e62-d73f-5dc3-bb11-acf9fb5dcf33.xml
INFO:root:map output written to /home/al/md-ingestion/oaitestdata/ess-oai_datacite/full_1/json/01fd8e62-d73f-5dc3-bb11-acf9fb5dcf33.json
INFO:root:map: community=ess, mdprefix=oai_datacite, file=/home/al/md-ingestion/oaitestdata/ess-oai_datacite/full_1/xml/1fd05938-ed2f-5fd1-9b97-eb0917026361.xml
INFO:root:map output written to /home/al/md-ingestion/oaitestdata/ess-oai_datacite/full_1/json/1fd05938-ed2f-5fd1-9b97-eb0917026361.json
INFO:root:map: community=ess, mdprefix=oai_datacite, file=/home/al/md-ingestion/oaitestdata/ess-oai_datacite/full_1/xml/1b63d5e7-a676-5c00-b718-07105b377732.xml
INFO:root:map output written to /home/al/md-ingestion/oaitestdata/ess-oai_datacite/full_1/json/1b63d5e7-a676-5c00-b718-07105b377732.json
INFO:root:map: community=ess, mdprefix=oai_datacite, file=/home/al/md-ingestion/oaitestdata/ess-oai_datacite/full_1/xml/1cd8405f-e797-5def-bcc4-cfedd1140827.xml
INFO:root:map output written to /home/al/md-ingestion/oaitestdata/ess-oai_datacite/full_1/json/1cd8405f-e797-5def-bcc4-cfedd1140827.json
INFO:root:map: community=ess, mdprefix=oai_datacite, file=/home/al/md-ingestion/oaitestdata/ess-oai_datacite/full_1/xml/00e953de-6c83-5d2d-b7d5-146dd6c0672a.xml
INFO:root:map output written to /home/al/md-ingestion/oaitestdata/ess-oai_datacite/full_1/json/00e953de-6c83-5d2d-b7d5-146dd6c0672a.json
INFO:root:map: community=ess, mdprefix=oai_datacite, file=/home/al/md-ingestion/oaitestdata/ess-oai_datacite/full_1/xml/0dcb4ea0-09ce-569c-b0f0-96be04a6dcd4.xml
INFO:root:map output written to /home/al/md-ingestion/oaitestdata/ess-oai_datacite/full_1/json/0dcb4ea0-09ce-569c-b0f0-96be04a6dcd4.json
